<?xml version="1.0" encoding="UTF-8"?>
<coverage generated="1532132470507" clover="3.2.0">
  <project timestamp="1532132470507" name="All files">
    <metrics statements="12" coveredstatements="12" conditionals="0" coveredconditionals="0" methods="2" coveredmethods="2" elements="14" coveredelements="14" complexity="0" loc="12" ncloc="12" packages="1" files="2" classes="2">
      <file name="01-first-reverse-solution.js" path="/Volumes/Ian's Main Drive/1 Home /15 Programming Learning/00-my-pathway/Javascript/my-playground/00-code-challenges/easy/01-first-reverse-solution.js">
        <metrics statements="5" coveredstatements="5" conditionals="0" coveredconditionals="0" methods="1" coveredmethods="1"/>
        <line num="6" count="2" type="stmt"/>
        <line num="7" count="2" type="stmt"/>
        <line num="11" count="1" type="stmt"/>
        <line num="12" count="1" type="stmt"/>
        <line num="14" count="1" type="stmt"/>
      </file>
      <file name="05-simple-adding-solution.js" path="/Volumes/Ian's Main Drive/1 Home /15 Programming Learning/00-my-pathway/Javascript/my-playground/00-code-challenges/easy/05-simple-adding-solution.js">
        <metrics statements="7" coveredstatements="7" conditionals="0" coveredconditionals="0" methods="1" coveredmethods="1"/>
        <line num="4" count="2" type="stmt"/>
        <line num="5" count="2" type="stmt"/>
        <line num="6" count="26" type="stmt"/>
        <line num="9" count="2" type="stmt"/>
        <line num="14" count="1" type="stmt"/>
        <line num="15" count="1" type="stmt"/>
        <line num="18" count="1" type="stmt"/>
      </file>
    </metrics>
  </project>
</coverage>
