{"/Volumes/Ian's Main Drive/1 Home /15 Programming Learning/00-my-pathway/Javascript/my-playground/00-code-challenges/easy/01-first-reverse-solution.js": {"path":"/Volumes/Ian's Main Drive/1 Home /15 Programming Learning/00-my-pathway/Javascript/my-playground/00-code-challenges/easy/01-first-reverse-solution.js","statementMap":{"0":{"start":{"line":6,"column":2},"end":{"line":6,"column":40}},"1":{"start":{"line":7,"column":2},"end":{"line":7,"column":13}},"2":{"start":{"line":11,"column":15},"end":{"line":11,"column":42}},"3":{"start":{"line":12,"column":0},"end":{"line":12,"column":19}},"4":{"start":{"line":14,"column":0},"end":{"line":14,"column":29}}},"fnMap":{"0":{"name":"FirstReverse","decl":{"start":{"line":1,"column":9},"end":{"line":1,"column":21}},"loc":{"start":{"line":1,"column":27},"end":{"line":8,"column":1}},"line":1}},"branchMap":{},"s":{"0":2,"1":2,"2":1,"3":1,"4":1},"f":{"0":2},"b":{},"_coverageSchema":"332fd63041d2c1bcb487cc26dd0d5f7d97098a6c","hash":"15e4d7b66411d2bd035f7817a80a54b1fa280391"}
,"/Volumes/Ian's Main Drive/1 Home /15 Programming Learning/00-my-pathway/Javascript/my-playground/00-code-challenges/easy/05-simple-adding-solution.js": {"path":"/Volumes/Ian's Main Drive/1 Home /15 Programming Learning/00-my-pathway/Javascript/my-playground/00-code-challenges/easy/05-simple-adding-solution.js","statementMap":{"0":{"start":{"line":4,"column":15},"end":{"line":4,"column":16}},"1":{"start":{"line":5,"column":2},"end":{"line":7,"column":3}},"2":{"start":{"line":6,"column":4},"end":{"line":6,"column":15}},"3":{"start":{"line":9,"column":2},"end":{"line":9,"column":16}},"4":{"start":{"line":14,"column":13},"end":{"line":14,"column":29}},"5":{"start":{"line":15,"column":0},"end":{"line":15,"column":19}},"6":{"start":{"line":18,"column":0},"end":{"line":18,"column":29}}},"fnMap":{"0":{"name":"SimpleAdding","decl":{"start":{"line":3,"column":9},"end":{"line":3,"column":21}},"loc":{"start":{"line":3,"column":27},"end":{"line":11,"column":1}},"line":3}},"branchMap":{},"s":{"0":2,"1":2,"2":26,"3":2,"4":1,"5":1,"6":1},"f":{"0":2},"b":{},"_coverageSchema":"332fd63041d2c1bcb487cc26dd0d5f7d97098a6c","hash":"0b606d166954b91eb186a16be383dad76868a315"}
}
