TN:
SF:/Volumes/Ian's Main Drive/1 Home /15 Programming Learning/00-my-pathway/Javascript/my-playground/00-code-challenges/easy/01-first-reverse-solution.js
FN:1,FirstReverse
FNF:1
FNH:1
FNDA:2,FirstReverse
DA:6,2
DA:7,2
DA:11,1
DA:12,1
DA:14,1
LF:5
LH:5
BRF:0
BRH:0
end_of_record
TN:
SF:/Volumes/Ian's Main Drive/1 Home /15 Programming Learning/00-my-pathway/Javascript/my-playground/00-code-challenges/easy/05-simple-adding-solution.js
FN:3,SimpleAdding
FNF:1
FNH:1
FNDA:2,SimpleAdding
DA:4,2
DA:5,2
DA:6,26
DA:9,2
DA:14,1
DA:15,1
DA:18,1
LF:7
LH:7
BRF:0
BRH:0
end_of_record
